<?xml version="1.0" encoding="UTF-8"?>
<testsuite name="cs4337.group6.PublishingService.PublishingServiceIntegrationTest" tests="2" skipped="0" failures="2" errors="0" timestamp="2024-12-06T22:53:05" hostname="CM2K" time="1.363">
  <properties/>
  <testcase name="testRegisterUser()" classname="cs4337.group6.PublishingService.PublishingServiceIntegrationTest" time="1.359">
    <failure message="org.springframework.web.client.ResourceAccessException: I/O error on POST request for &quot;http://publishing-service:8080/publishing/register&quot;: publishing-service" type="org.springframework.web.client.ResourceAccessException">org.springframework.web.client.ResourceAccessException: I/O error on POST request for &quot;http://publishing-service:8080/publishing/register&quot;: publishing-service
	at app//org.springframework.web.client.RestTemplate.createResourceAccessException(RestTemplate.java:926)
	at app//org.springframework.web.client.RestTemplate.doExecute(RestTemplate.java:906)
	at app//org.springframework.web.client.RestTemplate.execute(RestTemplate.java:801)
	at app//org.springframework.web.client.RestTemplate.postForEntity(RestTemplate.java:549)
	at app//cs4337.group6.PublishingService.PublishingServiceIntegrationTest.testRegisterUser(PublishingTest.java:46)
	at java.base@17.0.12/java.lang.reflect.Method.invoke(Method.java:568)
	at java.base@17.0.12/java.util.ArrayList.forEach(ArrayList.java:1511)
	at java.base@17.0.12/java.util.ArrayList.forEach(ArrayList.java:1511)
Caused by: java.net.UnknownHostException: publishing-service
	at java.base/sun.nio.ch.NioSocketImpl.connect(NioSocketImpl.java:572)
	at java.base/java.net.Socket.connect(Socket.java:633)
	at java.base/java.net.Socket.connect(Socket.java:583)
	at java.base/sun.net.NetworkClient.doConnect(NetworkClient.java:183)
	at java.base/sun.net.www.http.HttpClient.openServer(HttpClient.java:534)
	at java.base/sun.net.www.http.HttpClient.openServer(HttpClient.java:639)
	at java.base/sun.net.www.http.HttpClient.&lt;init&gt;(HttpClient.java:282)
	at java.base/sun.net.www.http.HttpClient.New(HttpClient.java:387)
	at java.base/sun.net.www.http.HttpClient.New(HttpClient.java:409)
	at java.base/sun.net.www.protocol.http.HttpURLConnection.getNewHttpClient(HttpURLConnection.java:1308)
	at java.base/sun.net.www.protocol.http.HttpURLConnection.plainConnect0(HttpURLConnection.java:1241)
	at java.base/sun.net.www.protocol.http.HttpURLConnection.plainConnect(HttpURLConnection.java:1127)
	at java.base/sun.net.www.protocol.http.HttpURLConnection.connect(HttpURLConnection.java:1056)
	at org.springframework.http.client.SimpleClientHttpRequest.executeInternal(SimpleClientHttpRequest.java:79)
	at org.springframework.http.client.AbstractStreamingClientHttpRequest.executeInternal(AbstractStreamingClientHttpRequest.java:71)
	at org.springframework.http.client.AbstractClientHttpRequest.execute(AbstractClientHttpRequest.java:81)
	at org.springframework.web.client.RestTemplate.doExecute(RestTemplate.java:900)
	... 6 more
</failure>
  </testcase>
  <testcase name="testGetUserByUsername()" classname="cs4337.group6.PublishingService.PublishingServiceIntegrationTest" time="0.004">
    <failure message="org.springframework.web.client.ResourceAccessException: I/O error on GET request for &quot;http://publishing-service:8080/publishing/Books&quot;: publishing-service" type="org.springframework.web.client.ResourceAccessException">org.springframework.web.client.ResourceAccessException: I/O error on GET request for &quot;http://publishing-service:8080/publishing/Books&quot;: publishing-service
	at app//org.springframework.web.client.RestTemplate.createResourceAccessException(RestTemplate.java:926)
	at app//org.springframework.web.client.RestTemplate.doExecute(RestTemplate.java:906)
	at app//org.springframework.web.client.RestTemplate.execute(RestTemplate.java:801)
	at app//org.springframework.web.client.RestTemplate.exchange(RestTemplate.java:683)
	at app//cs4337.group6.PublishingService.PublishingServiceIntegrationTest.testGetUserByUsername(PublishingTest.java:26)
	at java.base@17.0.12/java.lang.reflect.Method.invoke(Method.java:568)
	at java.base@17.0.12/java.util.ArrayList.forEach(ArrayList.java:1511)
	at java.base@17.0.12/java.util.ArrayList.forEach(ArrayList.java:1511)
Caused by: java.net.UnknownHostException: publishing-service
	at java.base/sun.nio.ch.NioSocketImpl.connect(NioSocketImpl.java:572)
	at java.base/java.net.Socket.connect(Socket.java:633)
	at java.base/java.net.Socket.connect(Socket.java:583)
	at java.base/sun.net.NetworkClient.doConnect(NetworkClient.java:183)
	at java.base/sun.net.www.http.HttpClient.openServer(HttpClient.java:534)
	at java.base/sun.net.www.http.HttpClient.openServer(HttpClient.java:639)
	at java.base/sun.net.www.http.HttpClient.&lt;init&gt;(HttpClient.java:282)
	at java.base/sun.net.www.http.HttpClient.New(HttpClient.java:387)
	at java.base/sun.net.www.http.HttpClient.New(HttpClient.java:409)
	at java.base/sun.net.www.protocol.http.HttpURLConnection.getNewHttpClient(HttpURLConnection.java:1308)
	at java.base/sun.net.www.protocol.http.HttpURLConnection.plainConnect0(HttpURLConnection.java:1241)
	at java.base/sun.net.www.protocol.http.HttpURLConnection.plainConnect(HttpURLConnection.java:1127)
	at java.base/sun.net.www.protocol.http.HttpURLConnection.connect(HttpURLConnection.java:1056)
	at org.springframework.http.client.SimpleClientHttpRequest.executeInternal(SimpleClientHttpRequest.java:79)
	at org.springframework.http.client.AbstractStreamingClientHttpRequest.executeInternal(AbstractStreamingClientHttpRequest.java:71)
	at org.springframework.http.client.AbstractClientHttpRequest.execute(AbstractClientHttpRequest.java:81)
	at org.springframework.web.client.RestTemplate.doExecute(RestTemplate.java:900)
	... 6 more
</failure>
  </testcase>
  <system-out><![CDATA[22:53:02.418 [Test worker] INFO org.springframework.test.context.support.AnnotationConfigContextLoaderUtils -- Could not detect default configuration classes for test class [cs4337.group6.PublishingService.PublishingServiceIntegrationTest]: PublishingServiceIntegrationTest does not declare any static, non-private, non-final, nested classes annotated with @Configuration.
22:53:02.498 [Test worker] INFO org.springframework.boot.test.context.SpringBootTestContextBootstrapper -- Found @SpringBootConfiguration cs4337.group6.PublishingService.PublishingServiceApplication for test class cs4337.group6.PublishingService.PublishingServiceIntegrationTest

  .   ____          _            __ _ _
 /\\ / ___'_ __ _ _(_)_ __  __ _ \ \ \ \
( ( )\___ | '_ | '_| | '_ \/ _` | \ \ \ \
 \\/  ___)| |_)| | | | | || (_| |  ) ) ) )
  '  |____| .__|_| |_|_| |_\__, | / / / /
 =========|_|==============|___/=/_/_/_/

 :: Spring Boot ::                (v3.4.0)

2024-12-06T22:53:02.788Z  INFO 132084 --- [publishing-service] [    Test worker] c.g.P.PublishingServiceIntegrationTest   : Starting PublishingServiceIntegrationTest using Java 17.0.12 with PID 132084 (started by capri in C:\Users\capri\Downloads\CS4337Project\MicroServices\PublishingService)
2024-12-06T22:53:02.789Z  INFO 132084 --- [publishing-service] [    Test worker] c.g.P.PublishingServiceIntegrationTest   : No active profile set, falling back to 1 default profile: "default"
2024-12-06T22:53:03.201Z  INFO 132084 --- [publishing-service] [    Test worker] .s.d.r.c.RepositoryConfigurationDelegate : Bootstrapping Spring Data JPA repositories in DEFAULT mode.
2024-12-06T22:53:03.242Z  INFO 132084 --- [publishing-service] [    Test worker] .s.d.r.c.RepositoryConfigurationDelegate : Finished Spring Data repository scanning in 32 ms. Found 2 JPA repository interfaces.
2024-12-06T22:53:03.616Z  INFO 132084 --- [publishing-service] [    Test worker] o.s.b.w.embedded.tomcat.TomcatWebServer  : Tomcat initialized with port 0 (http)
2024-12-06T22:53:03.627Z  INFO 132084 --- [publishing-service] [    Test worker] o.apache.catalina.core.StandardService   : Starting service [Tomcat]
2024-12-06T22:53:03.628Z  INFO 132084 --- [publishing-service] [    Test worker] o.apache.catalina.core.StandardEngine    : Starting Servlet engine: [Apache Tomcat/10.1.33]
2024-12-06T22:53:03.677Z  INFO 132084 --- [publishing-service] [    Test worker] o.a.c.c.C.[Tomcat].[localhost].[/]       : Initializing Spring embedded WebApplicationContext
2024-12-06T22:53:03.677Z  INFO 132084 --- [publishing-service] [    Test worker] w.s.c.ServletWebServerApplicationContext : Root WebApplicationContext: initialization completed in 876 ms
2024-12-06T22:53:03.827Z  INFO 132084 --- [publishing-service] [    Test worker] o.hibernate.jpa.internal.util.LogHelper  : HHH000204: Processing PersistenceUnitInfo [name: default]
2024-12-06T22:53:03.893Z  INFO 132084 --- [publishing-service] [    Test worker] org.hibernate.Version                    : HHH000412: Hibernate ORM core version 6.6.2.Final
2024-12-06T22:53:03.920Z  INFO 132084 --- [publishing-service] [    Test worker] o.h.c.internal.RegionFactoryInitiator    : HHH000026: Second-level cache disabled
2024-12-06T22:53:04.122Z  INFO 132084 --- [publishing-service] [    Test worker] o.s.o.j.p.SpringPersistenceUnitInfo      : No LoadTimeWeaver setup: ignoring JPA class transformer
2024-12-06T22:53:04.144Z  INFO 132084 --- [publishing-service] [    Test worker] com.zaxxer.hikari.HikariDataSource       : HikariPool-1 - Starting...
2024-12-06T22:53:04.338Z  INFO 132084 --- [publishing-service] [    Test worker] com.zaxxer.hikari.pool.HikariPool        : HikariPool-1 - Added connection com.mysql.cj.jdbc.ConnectionImpl@577cf459
2024-12-06T22:53:04.340Z  INFO 132084 --- [publishing-service] [    Test worker] com.zaxxer.hikari.HikariDataSource       : HikariPool-1 - Start completed.
2024-12-06T22:53:04.366Z  WARN 132084 --- [publishing-service] [    Test worker] org.hibernate.orm.deprecation            : HHH90000025: MySQL8Dialect does not need to be specified explicitly using 'hibernate.dialect' (remove the property setting and it will be selected by default)
2024-12-06T22:53:04.367Z  WARN 132084 --- [publishing-service] [    Test worker] org.hibernate.orm.deprecation            : HHH90000026: MySQL8Dialect has been deprecated; use org.hibernate.dialect.MySQLDialect instead
2024-12-06T22:53:04.378Z  INFO 132084 --- [publishing-service] [    Test worker] org.hibernate.orm.connections.pooling    : HHH10001005: Database info:
	Database JDBC URL [Connecting through datasource 'HikariDataSource (HikariPool-1)']
	Database driver: undefined/unknown
	Database version: 8.0
	Autocommit mode: undefined/unknown
	Isolation level: undefined/unknown
	Minimum pool size: undefined/unknown
	Maximum pool size: undefined/unknown
2024-12-06T22:53:04.955Z  INFO 132084 --- [publishing-service] [    Test worker] o.h.e.t.j.p.i.JtaPlatformInitiator       : HHH000489: No JTA platform available (set 'hibernate.transaction.jta.platform' to enable JTA platform integration)
2024-12-06T22:53:05.000Z  INFO 132084 --- [publishing-service] [    Test worker] j.LocalContainerEntityManagerFactoryBean : Initialized JPA EntityManagerFactory for persistence unit 'default'
2024-12-06T22:53:05.275Z  WARN 132084 --- [publishing-service] [    Test worker] JpaBaseConfiguration$JpaWebConfiguration : spring.jpa.open-in-view is enabled by default. Therefore, database queries may be performed during view rendering. Explicitly configure spring.jpa.open-in-view to disable this warning
2024-12-06T22:53:05.636Z  INFO 132084 --- [publishing-service] [    Test worker] o.s.b.w.embedded.tomcat.TomcatWebServer  : Tomcat started on port 59003 (http) with context path '/'
2024-12-06T22:53:05.642Z  INFO 132084 --- [publishing-service] [    Test worker] c.g.P.PublishingServiceIntegrationTest   : Started PublishingServiceIntegrationTest in 3.052 seconds (process running for 3.748)
]]></system-out>
  <system-err><![CDATA[]]></system-err>
</testsuite>
